<?xml version="1.0" encoding="UTF-8"?>
<testng-results ignored="0" total="1" passed="1" failed="0" skipped="0">
  <reporter-output>
    <line>
      <![CDATA[im running from verifyID]]>
    </line>
    <line>
      <![CDATA[logout the app]]>
    </line>
    <line>
      <![CDATA[close the app]]>
    </line>
  </reporter-output>
  <suite started-at="2022-09-12T18:36:23 IST" name="Default suite" finished-at="2022-09-12T18:36:31 IST" duration-ms="8495">
    <groups>
    </groups>
    <test started-at="2022-09-12T18:36:23 IST" name="Default test" finished-at="2022-09-12T18:36:31 IST" duration-ms="8495">
      <class name="Test_class.Test_Class">
        <test-method is-config="true" signature="openBrowser()[pri:0, instance:Test_class.Test_Class@1e0b4072]" started-at="2022-09-12T18:36:23 IST" name="openBrowser" finished-at="2022-09-12T18:36:28 IST" duration-ms="4771" status="PASS">
          <reporter-output>
          </reporter-output>
        </test-method> <!-- openBrowser -->
        <test-method is-config="true" signature="loginToApp()[pri:0, instance:Test_class.Test_Class@1e0b4072]" started-at="2022-09-12T18:36:28 IST" name="loginToApp" finished-at="2022-09-12T18:36:29 IST" duration-ms="1532" status="PASS">
          <reporter-output>
          </reporter-output>
        </test-method> <!-- loginToApp -->
        <test-method signature="getuserID()[pri:0, instance:Test_class.Test_Class@1e0b4072]" started-at="2022-09-12T18:36:29 IST" name="getuserID" finished-at="2022-09-12T18:36:31 IST" duration-ms="1264" status="PASS">
          <reporter-output>
            <line>
              <![CDATA[im running from verifyID]]>
            </line>
          </reporter-output>
        </test-method> <!-- getuserID -->
        <test-method is-config="true" signature="logoutApp()[pri:0, instance:Test_class.Test_Class@1e0b4072]" started-at="2022-09-12T18:36:31 IST" name="logoutApp" finished-at="2022-09-12T18:36:31 IST" duration-ms="885" status="PASS">
          <reporter-output>
            <line>
              <![CDATA[logout the app]]>
            </line>
          </reporter-output>
        </test-method> <!-- logoutApp -->
        <test-method is-config="true" signature="closeBrowser()[pri:0, instance:Test_class.Test_Class@1e0b4072]" started-at="2022-09-12T18:36:31 IST" name="closeBrowser" finished-at="2022-09-12T18:36:31 IST" duration-ms="1" status="PASS">
          <reporter-output>
            <line>
              <![CDATA[close the app]]>
            </line>
          </reporter-output>
        </test-method> <!-- closeBrowser -->
      </class> <!-- Test_class.Test_Class -->
    </test> <!-- Default test -->
  </suite> <!-- Default suite -->
</testng-results>
